[INFO][request.go:11]2018/11/14 11:44:09 created_by 创建人不能为空
[INFO][request.go:11]2018/11/14 11:44:56 created_by 创建人不能为空
[INFO][request.go:11]2018/11/14 11:45:04 created_by 创建人不能为空
[INFO][request.go:11]2018/11/14 11:45:49 created_by 创建人不能为空
[INFO][topic.go:71]2018/11/14 11:50:47 Error 1054: Unknown column 'created_at' in 'field list'
[INFO][request.go:11]2018/11/14 14:22:14 id ID必须大于0
[INFO][request.go:11]2018/11/14 14:22:14 tag_id 标签ID必须大于0
[INFO][request.go:11]2018/11/14 14:22:14 title 标题不能为空
[INFO][request.go:11]2018/11/14 14:22:14 desc 简述不能为空
[INFO][request.go:11]2018/11/14 14:22:14 modified_by 修改人不能为空
[INFO][request.go:11]2018/11/14 14:22:14 cover_image_url 封面地址不能为空
[INFO][request.go:11]2018/11/14 15:04:57 id ID必须大于0
[INFO][request.go:11]2018/11/14 15:04:57 modified_by 修改人不能为空
[INFO][request.go:11]2018/11/14 15:05:52 id ID必须大于0
[INFO][request.go:11]2018/11/14 15:05:52 modified_by 修改人不能为空
[INFO][request.go:11]2018/11/14 15:06:02 modified_by 修改人不能为空
[INFO][request.go:11]2018/11/14 15:51:37 id ID必须大于0
[INFO][request.go:11]2018/11/14 16:20:10 created_by 创建人不能为空
[INFO][topic.go:68]2018/11/14 17:56:12 can't preload field Tag for models.Topic
[INFO][topic.go:68]2018/11/14 18:01:20 can't preload field Tag for models.Topic
[INFO][topic.go:68]2018/11/14 18:03:01 can't preload field Tag for models.Topic
