[INFO][topic.go:88]2018/11/21 13:57:02 { 0 0}
[INFO][topic.go:97]2018/11/21 13:57:02 {主题名称 1 0}
[INFO][topic.go:88]2018/11/21 13:57:56 { 0 0}
[ERROR][request.go:18]2018/11/21 13:57:56 invalid character '%' looking for beginning of value
[INFO][topic.go:88]2018/11/21 13:59:04 { 0 0}
[ERROR][request.go:18]2018/11/21 13:59:04 invalid character '%' looking for beginning of value
[INFO][topic.go:88]2018/11/21 14:01:46 { 0 0}
[INFO][topic.go:97]2018/11/21 14:01:46 {主题名称 1 0}
[INFO][topic.go:88]2018/11/21 14:02:17 { 0 0}
[INFO][topic.go:97]2018/11/21 14:02:17 {主题名称 1 0}
[INFO][topic.go:88]2018/11/21 14:02:45 { 0 0}
[ERROR][request.go:18]2018/11/21 14:02:45 invalid character '%' looking for beginning of value
[INFO][topic.go:88]2018/11/21 14:03:47 { 0 0}
[INFO][topic.go:97]2018/11/21 14:03:47 {主题名称 1 0}
[INFO][topic.go:88]2018/11/21 14:04:15 { 0 0}
[INFO][topic.go:97]2018/11/21 14:04:15 {主题名称aa 1 0}
[ERROR][request.go:18]2018/11/21 17:11:38 code : 10020msg : 该主题不存在
[ERROR][request.go:18]2018/11/21 17:13:28 code : 10020msg : 该主题不存在
[ERROR][request.go:18]2018/11/21 17:14:15 code : 10020msg : 该主题不存在
[ERROR][request.go:18]2018/11/21 17:18:06 code : 10020msg : 该主题不存在
