[INFO][topic.go:137]2018/11/22 10:50:39 0
[INFO][topic.go:138]2018/11/22 10:50:39 map[state:0 name:主题名称 modified_by:1]
[INFO][topic.go:137]2018/11/22 10:51:17 0
[INFO][topic.go:138]2018/11/22 10:51:17 map[name:主题名称 modified_by:1 state:0]
[INFO][topic.go:137]2018/11/22 10:51:27 0
[INFO][topic.go:138]2018/11/22 10:51:27 map[name:主题名称 modified_by:1 state:0]
[INFO][topic.go:137]2018/11/22 10:52:04 0
[INFO][topic.go:138]2018/11/22 10:52:04 map[state:0 name:主题名称 modified_by:1]
[ERROR][request.go:18]2018/11/22 10:52:39 Key: 'DocEditTopic.State' Error:Field validation for 'State' failed on the 'oneof' tag
[ERROR][request.go:18]2018/11/22 10:53:14 Key: 'DocEditTopic.State' Error:Field validation for 'State' failed on the 'gt' tag
[INFO][topic.go:117]2018/11/22 11:58:24 { 0 0}
[INFO][topic.go:126]2018/11/22 11:58:24 {主题名称 1 0}
[ERROR][request.go:18]2018/11/22 11:59:52 修改主题失败
[ERROR][request.go:18]2018/11/22 11:59:53 修改主题失败
[ERROR][request.go:18]2018/11/22 11:59:55 修改主题失败
[ERROR][request.go:18]2018/11/22 12:00:05 修改主题失败
[ERROR][request.go:18]2018/11/22 12:00:32 修改主题失败
[ERROR][request.go:18]2018/11/22 12:00:34 修改主题失败
[ERROR][request.go:18]2018/11/22 12:00:34 修改主题失败
[ERROR][request.go:18]2018/11/22 12:00:35 修改主题失败
[ERROR][request.go:18]2018/11/22 12:00:35 修改主题失败
[ERROR][request.go:18]2018/11/22 12:00:35 修改主题失败
[ERROR][request.go:18]2018/11/22 12:00:35 修改主题失败
[ERROR][request.go:18]2018/11/22 12:00:36 修改主题失败
[ERROR][request.go:18]2018/11/22 12:00:36 修改主题失败
[ERROR][request.go:18]2018/11/22 12:00:36 修改主题失败
[ERROR][request.go:18]2018/11/22 12:00:36 修改主题失败
[ERROR][request.go:18]2018/11/22 12:00:37 修改主题失败
[ERROR][request.go:18]2018/11/22 12:00:37 修改主题失败
[ERROR][request.go:18]2018/11/22 12:00:37 修改主题失败
[ERROR][request.go:18]2018/11/22 12:00:37 修改主题失败
[ERROR][request.go:18]2018/11/22 12:00:37 修改主题失败
[ERROR][request.go:18]2018/11/22 12:00:37 修改主题失败
[ERROR][request.go:18]2018/11/22 12:01:02 修改主题失败
[ERROR][request.go:18]2018/11/22 12:01:05 修改主题失败
[INFO][topic.go:117]2018/11/22 12:02:38 { 0 0}
[INFO][topic.go:126]2018/11/22 12:02:38 {主题名称 1 0}
[ERROR][request.go:18]2018/11/22 13:21:10 修改主题失败
[ERROR][request.go:18]2018/11/22 13:21:13 修改主题失败
[ERROR][request.go:18]2018/11/22 13:21:27 修改主题失败
[ERROR][request.go:18]2018/11/22 13:21:29 修改主题失败
[ERROR][request.go:18]2018/11/22 13:21:30 修改主题失败
[ERROR][request.go:18]2018/11/22 13:21:30 修改主题失败
[ERROR][request.go:18]2018/11/22 13:21:31 修改主题失败
[ERROR][request.go:18]2018/11/22 13:21:31 修改主题失败
[ERROR][request.go:18]2018/11/22 13:21:32 修改主题失败
[ERROR][request.go:18]2018/11/22 13:22:04 修改主题失败
[ERROR][request.go:18]2018/11/22 13:22:10 修改主题失败
[ERROR][request.go:18]2018/11/22 13:22:11 修改主题失败
[ERROR][request.go:18]2018/11/22 13:22:12 修改主题失败
[ERROR][request.go:18]2018/11/22 13:22:13 修改主题失败
[ERROR][request.go:18]2018/11/22 13:22:14 修改主题失败
[ERROR][request.go:18]2018/11/22 13:22:14 修改主题失败
[ERROR][request.go:18]2018/11/22 13:22:15 修改主题失败
[ERROR][request.go:18]2018/11/22 13:22:15 修改主题失败
[ERROR][request.go:18]2018/11/22 13:22:51 修改主题失败
[INFO][topic.go:88]2018/11/22 13:58:41 <nil>
[INFO][topic.go:88]2018/11/22 13:58:41 <nil>
[INFO][topic.go:88]2018/11/22 13:58:41 <nil>
[INFO][topic.go:88]2018/11/22 13:58:41 <nil>
[INFO][topic.go:88]2018/11/22 13:58:41 <nil>
[INFO][topic.go:88]2018/11/22 13:58:41 <nil>
[INFO][topic.go:88]2018/11/22 13:58:41 <nil>
[INFO][topic.go:88]2018/11/22 13:58:41 <nil>
[INFO][topic.go:88]2018/11/22 13:58:41 <nil>
[INFO][topic.go:88]2018/11/22 13:58:41 <nil>
[INFO][topic.go:88]2018/11/22 13:58:41 <nil>
[INFO][topic.go:88]2018/11/22 13:58:42 <nil>
[INFO][topic.go:88]2018/11/22 13:58:42 <nil>
[INFO][topic.go:88]2018/11/22 13:58:42 <nil>
[INFO][topic.go:88]2018/11/22 13:58:42 <nil>
[INFO][topic.go:88]2018/11/22 13:58:42 <nil>
[INFO][topic.go:88]2018/11/22 13:58:42 <nil>
[INFO][topic.go:88]2018/11/22 13:58:42 <nil>
[INFO][topic.go:88]2018/11/22 13:58:42 <nil>
[INFO][topic.go:88]2018/11/22 13:58:42 <nil>
[INFO][topic.go:88]2018/11/22 13:58:42 <nil>
[INFO][topic.go:88]2018/11/22 13:58:42 <nil>
[INFO][topic.go:88]2018/11/22 13:58:42 <nil>
[INFO][topic.go:88]2018/11/22 13:58:42 <nil>
[INFO][topic.go:88]2018/11/22 13:58:42 <nil>
[INFO][topic.go:88]2018/11/22 13:58:42 <nil>
[INFO][topic.go:88]2018/11/22 13:58:42 <nil>
[INFO][topic.go:88]2018/11/22 13:58:42 <nil>
[INFO][topic.go:88]2018/11/22 13:58:42 <nil>
[INFO][topic.go:88]2018/11/22 13:58:42 <nil>
[INFO][topic.go:88]2018/11/22 13:58:42 <nil>
[INFO][topic.go:88]2018/11/22 13:58:42 <nil>
[INFO][topic.go:88]2018/11/22 13:58:42 <nil>
[INFO][topic.go:88]2018/11/22 13:58:42 <nil>
[INFO][topic.go:88]2018/11/22 13:58:42 <nil>
[INFO][topic.go:88]2018/11/22 13:58:43 <nil>
[INFO][topic.go:88]2018/11/22 13:58:43 <nil>
[INFO][topic.go:88]2018/11/22 13:58:43 <nil>
[INFO][topic.go:88]2018/11/22 13:58:43 <nil>
[INFO][topic.go:88]2018/11/22 13:58:43 <nil>
[INFO][topic.go:88]2018/11/22 13:58:43 <nil>
[INFO][topic.go:88]2018/11/22 13:58:43 <nil>
[INFO][topic.go:88]2018/11/22 13:58:43 <nil>
[INFO][topic.go:88]2018/11/22 13:58:43 <nil>
[INFO][topic.go:88]2018/11/22 13:58:43 <nil>
[INFO][topic.go:88]2018/11/22 13:58:43 <nil>
[INFO][topic.go:88]2018/11/22 13:58:43 <nil>
[INFO][topic.go:88]2018/11/22 13:58:43 <nil>
[INFO][topic.go:88]2018/11/22 13:58:43 <nil>
[INFO][topic.go:88]2018/11/22 13:58:43 <nil>
[INFO][topic.go:88]2018/11/22 13:58:43 <nil>
[INFO][topic.go:88]2018/11/22 13:58:43 <nil>
[INFO][topic.go:88]2018/11/22 13:58:43 <nil>
[INFO][topic.go:88]2018/11/22 13:58:43 <nil>
[INFO][topic.go:88]2018/11/22 13:58:43 <nil>
[INFO][topic.go:88]2018/11/22 13:58:43 <nil>
[INFO][topic.go:88]2018/11/22 13:58:43 <nil>
[INFO][topic.go:88]2018/11/22 13:58:43 <nil>
[INFO][topic.go:88]2018/11/22 13:58:44 <nil>
[INFO][topic.go:88]2018/11/22 13:58:44 <nil>
[INFO][topic.go:88]2018/11/22 13:58:44 <nil>
[INFO][topic.go:88]2018/11/22 13:58:44 <nil>
[INFO][topic.go:88]2018/11/22 13:58:44 <nil>
[INFO][topic.go:88]2018/11/22 13:58:44 <nil>
[INFO][topic.go:88]2018/11/22 13:58:44 <nil>
[INFO][topic.go:88]2018/11/22 13:58:44 <nil>
[INFO][topic.go:88]2018/11/22 13:58:44 <nil>
[INFO][topic.go:88]2018/11/22 13:58:44 <nil>
[INFO][topic.go:88]2018/11/22 13:58:44 <nil>
[INFO][topic.go:88]2018/11/22 13:58:44 <nil>
[INFO][topic.go:88]2018/11/22 13:58:44 <nil>
[INFO][topic.go:88]2018/11/22 13:58:44 <nil>
[INFO][topic.go:88]2018/11/22 13:58:44 <nil>
[INFO][topic.go:88]2018/11/22 13:58:44 <nil>
[INFO][topic.go:88]2018/11/22 13:58:44 <nil>
[INFO][topic.go:88]2018/11/22 13:58:44 <nil>
[INFO][topic.go:88]2018/11/22 13:58:44 <nil>
[INFO][topic.go:88]2018/11/22 13:58:44 <nil>
[INFO][topic.go:88]2018/11/22 13:58:44 <nil>
[INFO][topic.go:88]2018/11/22 13:58:45 <nil>
[INFO][topic.go:88]2018/11/22 13:58:45 <nil>
[INFO][topic.go:88]2018/11/22 13:58:45 <nil>
[INFO][topic.go:88]2018/11/22 13:58:45 <nil>
[INFO][topic.go:88]2018/11/22 13:58:45 <nil>
[INFO][topic.go:88]2018/11/22 13:58:45 <nil>
[INFO][topic.go:88]2018/11/22 13:58:45 <nil>
[INFO][topic.go:88]2018/11/22 13:58:45 <nil>
[INFO][topic.go:88]2018/11/22 13:58:45 <nil>
[INFO][topic.go:88]2018/11/22 13:58:45 <nil>
[INFO][topic.go:88]2018/11/22 13:58:45 <nil>
[INFO][topic.go:88]2018/11/22 13:58:45 <nil>
[INFO][topic.go:88]2018/11/22 13:58:45 <nil>
[INFO][topic.go:88]2018/11/22 13:58:45 <nil>
[INFO][topic.go:88]2018/11/22 13:58:45 <nil>
[INFO][topic.go:88]2018/11/22 13:58:45 <nil>
[INFO][topic.go:88]2018/11/22 13:58:45 <nil>
[INFO][topic.go:88]2018/11/22 13:58:45 <nil>
[INFO][topic.go:88]2018/11/22 13:58:45 <nil>
[INFO][topic.go:88]2018/11/22 13:58:46 <nil>
[INFO][topic.go:88]2018/11/22 13:58:46 <nil>
[INFO][topic.go:88]2018/11/22 13:58:46 <nil>
[INFO][topic.go:88]2018/11/22 13:58:46 <nil>
[INFO][topic.go:88]2018/11/22 13:58:46 <nil>
[INFO][topic.go:88]2018/11/22 13:58:46 <nil>
[INFO][topic.go:88]2018/11/22 13:58:46 <nil>
[INFO][topic.go:88]2018/11/22 13:58:46 <nil>
[INFO][topic.go:88]2018/11/22 13:58:46 <nil>
[INFO][topic.go:88]2018/11/22 13:58:46 <nil>
[INFO][topic.go:88]2018/11/22 13:58:46 <nil>
[INFO][topic.go:88]2018/11/22 13:58:46 <nil>
[INFO][topic.go:88]2018/11/22 13:58:46 <nil>
[INFO][topic.go:88]2018/11/22 13:58:46 <nil>
[INFO][topic.go:88]2018/11/22 13:58:46 <nil>
[INFO][topic.go:88]2018/11/22 13:58:46 <nil>
[INFO][topic.go:88]2018/11/22 13:58:46 <nil>
[INFO][topic.go:88]2018/11/22 13:58:46 <nil>
[INFO][topic.go:88]2018/11/22 13:58:46 <nil>
[INFO][topic.go:88]2018/11/22 13:58:46 <nil>
[INFO][topic.go:88]2018/11/22 13:58:47 <nil>
[INFO][topic.go:88]2018/11/22 13:58:47 <nil>
[INFO][topic.go:88]2018/11/22 13:58:47 <nil>
[INFO][topic.go:88]2018/11/22 13:58:47 <nil>
[INFO][topic.go:88]2018/11/22 13:58:47 <nil>
[INFO][topic.go:88]2018/11/22 13:58:47 <nil>
[INFO][topic.go:88]2018/11/22 13:58:47 <nil>
[INFO][topic.go:88]2018/11/22 13:58:47 <nil>
[INFO][topic.go:88]2018/11/22 13:58:47 <nil>
[INFO][topic.go:88]2018/11/22 13:58:47 <nil>
[INFO][topic.go:88]2018/11/22 13:58:47 <nil>
[INFO][topic.go:88]2018/11/22 13:58:47 <nil>
[INFO][topic.go:88]2018/11/22 13:58:47 <nil>
[INFO][topic.go:88]2018/11/22 13:58:47 <nil>
[INFO][topic.go:88]2018/11/22 13:58:47 <nil>
[INFO][topic.go:88]2018/11/22 13:58:47 <nil>
[INFO][topic.go:88]2018/11/22 13:58:47 <nil>
[INFO][topic.go:88]2018/11/22 13:58:47 <nil>
[INFO][topic.go:88]2018/11/22 13:58:47 <nil>
[INFO][topic.go:88]2018/11/22 13:58:48 <nil>
[INFO][topic.go:88]2018/11/22 13:58:48 <nil>
[INFO][topic.go:88]2018/11/22 13:58:48 <nil>
[INFO][topic.go:88]2018/11/22 13:58:48 <nil>
[INFO][topic.go:88]2018/11/22 13:58:48 <nil>
[INFO][topic.go:88]2018/11/22 13:58:48 <nil>
[INFO][topic.go:88]2018/11/22 13:58:48 <nil>
[INFO][topic.go:88]2018/11/22 13:58:48 <nil>
[INFO][topic.go:88]2018/11/22 13:58:48 <nil>
[INFO][topic.go:88]2018/11/22 13:58:48 <nil>
[INFO][topic.go:88]2018/11/22 13:58:48 <nil>
[INFO][topic.go:88]2018/11/22 13:58:48 <nil>
[INFO][topic.go:88]2018/11/22 13:58:48 <nil>
[INFO][topic.go:88]2018/11/22 13:58:48 <nil>
[INFO][topic.go:88]2018/11/22 13:58:48 <nil>
[INFO][topic.go:88]2018/11/22 13:58:48 <nil>
[INFO][topic.go:88]2018/11/22 13:58:49 <nil>
[INFO][topic.go:88]2018/11/22 13:58:49 <nil>
[INFO][topic.go:88]2018/11/22 13:58:49 <nil>
[INFO][topic.go:88]2018/11/22 13:58:49 <nil>
[INFO][topic.go:88]2018/11/22 13:58:49 <nil>
[INFO][topic.go:88]2018/11/22 13:58:49 <nil>
[INFO][topic.go:88]2018/11/22 13:58:49 <nil>
[INFO][topic.go:88]2018/11/22 13:58:49 <nil>
[INFO][topic.go:88]2018/11/22 13:58:49 <nil>
[INFO][topic.go:88]2018/11/22 13:58:49 <nil>
[INFO][topic.go:88]2018/11/22 13:58:49 <nil>
[INFO][topic.go:88]2018/11/22 13:58:49 <nil>
[INFO][topic.go:88]2018/11/22 13:58:49 <nil>
[INFO][topic.go:88]2018/11/22 13:58:49 <nil>
[INFO][topic.go:88]2018/11/22 13:58:49 <nil>
[INFO][topic.go:88]2018/11/22 13:58:49 <nil>
[INFO][topic.go:88]2018/11/22 13:58:49 <nil>
[INFO][topic.go:88]2018/11/22 13:58:50 <nil>
[INFO][topic.go:88]2018/11/22 13:58:50 <nil>
[INFO][topic.go:88]2018/11/22 13:58:50 <nil>
[INFO][topic.go:88]2018/11/22 13:58:50 <nil>
[INFO][topic.go:88]2018/11/22 13:58:50 <nil>
[INFO][topic.go:88]2018/11/22 13:58:50 <nil>
[INFO][topic.go:88]2018/11/22 13:58:50 <nil>
[INFO][topic.go:88]2018/11/22 13:58:50 <nil>
[INFO][topic.go:88]2018/11/22 13:58:50 <nil>
[INFO][topic.go:88]2018/11/22 13:58:50 <nil>
[INFO][topic.go:88]2018/11/22 13:58:50 <nil>
[INFO][topic.go:88]2018/11/22 13:58:50 <nil>
[INFO][topic.go:88]2018/11/22 13:58:50 <nil>
[INFO][topic.go:88]2018/11/22 13:58:50 <nil>
[INFO][topic.go:88]2018/11/22 13:58:50 <nil>
[INFO][topic.go:88]2018/11/22 13:58:51 <nil>
[INFO][topic.go:88]2018/11/22 13:58:51 <nil>
[INFO][topic.go:88]2018/11/22 13:58:51 <nil>
[INFO][topic.go:88]2018/11/22 13:58:51 <nil>
[INFO][topic.go:88]2018/11/22 13:58:51 <nil>
[INFO][topic.go:88]2018/11/22 13:58:51 <nil>
[INFO][topic.go:88]2018/11/22 13:58:51 <nil>
[INFO][topic.go:88]2018/11/22 13:58:51 <nil>
[INFO][topic.go:88]2018/11/22 13:58:51 <nil>
[INFO][topic.go:88]2018/11/22 13:58:51 <nil>
[INFO][topic.go:88]2018/11/22 13:58:51 <nil>
[INFO][topic.go:88]2018/11/22 13:58:51 <nil>
[INFO][topic.go:88]2018/11/22 13:58:51 <nil>
[INFO][topic.go:88]2018/11/22 13:58:52 <nil>
[INFO][topic.go:88]2018/11/22 13:58:52 <nil>
[INFO][topic.go:88]2018/11/22 13:58:52 <nil>
